[INFO] Scanning for projects...
[INFO] 
[INFO] --------------------< com.inventory:inventory-sync >--------------------
[INFO] Building inventory-sync 0.0.1-SNAPSHOT
[INFO]   from pom.xml
[INFO] --------------------------------[ jar ]---------------------------------
[INFO] 
[INFO] --- clean:3.3.2:clean (default-clean) @ inventory-sync ---
[INFO] Deleting D:\Inventory\target
[INFO] 
[INFO] --- resources:3.3.1:resources (default-resources) @ inventory-sync ---
[INFO] Copying 1 resource from src\main\resources to target\classes
[INFO] Copying 0 resource from src\main\resources to target\classes
[INFO] 
[INFO] --- compiler:3.11.0:compile (default-compile) @ inventory-sync ---
[INFO] Changes detected - recompiling the module! :source
[INFO] Compiling 11 source files with javac [debug release 17] to target\classes
[INFO] -------------------------------------------------------------
[ERROR] COMPILATION ERROR : 
[INFO] -------------------------------------------------------------
[ERROR] /D:/Inventory/src/main/java/com/inventory/controller/InventoryController.java:[27,24] cannot find symbol
  symbol:   method getProductId()
  location: variable request of type com.inventory.controller.InventoryUpdateRequest
[ERROR] /D:/Inventory/src/main/java/com/inventory/controller/InventoryController.java:[28,24] cannot find symbol
  symbol:   method getStoreId()
  location: variable request of type com.inventory.controller.InventoryUpdateRequest
[ERROR] /D:/Inventory/src/main/java/com/inventory/controller/InventoryController.java:[29,24] cannot find symbol
  symbol:   method getQuantity()
  location: variable request of type com.inventory.controller.InventoryUpdateRequest
[ERROR] /D:/Inventory/src/main/java/com/inventory/service/InventoryService.java:[26,9] cannot find symbol
  symbol:   variable log
  location: class com.inventory.service.InventoryService
[ERROR] /D:/Inventory/src/main/java/com/inventory/service/InventoryService.java:[36,9] cannot find symbol
  symbol:   variable log
  location: class com.inventory.service.InventoryService
[ERROR] /D:/Inventory/src/main/java/com/inventory/service/InventoryService.java:[43,22] cannot find symbol
  symbol:   method setQuantity(int)
  location: variable inventory of type com.inventory.model.Inventory
[ERROR] /D:/Inventory/src/main/java/com/inventory/service/InventoryService.java:[46,22] cannot find symbol
  symbol:   method setProductId(java.lang.Long)
  location: variable inventory of type com.inventory.model.Inventory
[ERROR] /D:/Inventory/src/main/java/com/inventory/service/InventoryService.java:[47,22] cannot find symbol
  symbol:   method setStoreId(java.lang.Long)
  location: variable inventory of type com.inventory.model.Inventory
[ERROR] /D:/Inventory/src/main/java/com/inventory/service/InventoryService.java:[48,22] cannot find symbol
  symbol:   method setQuantity(int)
  location: variable inventory of type com.inventory.model.Inventory
[ERROR] /D:/Inventory/src/main/java/com/inventory/service/InventoryService.java:[57,27] cannot find symbol
  symbol:   method getQuantity()
  location: variable savedInventory of type com.inventory.model.Inventory
[ERROR] /D:/Inventory/src/main/java/com/inventory/service/InventoryService.java:[58,13] cannot find symbol
  symbol:   variable log
  location: class com.inventory.service.InventoryService
[ERROR] /D:/Inventory/src/main/java/com/inventory/service/InventoryService.java:[58,130] cannot find symbol
  symbol:   method getQuantity()
  location: variable savedInventory of type com.inventory.model.Inventory
[ERROR] /D:/Inventory/src/main/java/com/inventory/service/InventoryService.java:[67,9] cannot find symbol
  symbol:   variable log
  location: class com.inventory.service.InventoryService
[ERROR] /D:/Inventory/src/main/java/com/inventory/service/InventoryService.java:[69,48] cannot find symbol
  symbol:   method getProductId()
  location: variable req of type com.inventory.controller.InventoryUpdateRequest
[ERROR] /D:/Inventory/src/main/java/com/inventory/service/InventoryService.java:[69,68] cannot find symbol
  symbol:   method getStoreId()
  location: variable req of type com.inventory.controller.InventoryUpdateRequest
[ERROR] /D:/Inventory/src/main/java/com/inventory/service/InventoryService.java:[69,86] cannot find symbol
  symbol:   method getQuantity()
  location: variable req of type com.inventory.controller.InventoryUpdateRequest
[ERROR] /D:/Inventory/src/main/java/com/inventory/service/InventoryService.java:[70,25] incompatible types: inference variable T has incompatible bounds
    equality constraints: com.inventory.model.Inventory
    lower bounds: java.lang.Object
[ERROR] /D:/Inventory/src/main/java/com/inventory/controller/ApiResponse.java:[18,27] cannot find symbol
  symbol:   method <T>builder()
  location: class com.inventory.controller.ApiResponse
[ERROR] /D:/Inventory/src/main/java/com/inventory/controller/ApiResponse.java:[26,27] cannot find symbol
  symbol:   method <T>builder()
  location: class com.inventory.controller.ApiResponse
[INFO] 19 errors 
[INFO] -------------------------------------------------------------
[INFO] ------------------------------------------------------------------------
[INFO] BUILD FAILURE
[INFO] ------------------------------------------------------------------------
[INFO] Total time:  2.447 s
[INFO] Finished at: 2026-03-27T09:48:13+05:30
[INFO] ------------------------------------------------------------------------
[ERROR] Failed to execute goal org.apache.maven.plugins:maven-compiler-plugin:3.11.0:compile (default-compile) on project inventory-sync: Compilation failure: Compilation failure: 
[ERROR] /D:/Inventory/src/main/java/com/inventory/controller/InventoryController.java:[27,24] cannot find symbol
[ERROR]   symbol:   method getProductId()
[ERROR]   location: variable request of type com.inventory.controller.InventoryUpdateRequest
[ERROR] /D:/Inventory/src/main/java/com/inventory/controller/InventoryController.java:[28,24] cannot find symbol
[ERROR]   symbol:   method getStoreId()
[ERROR]   location: variable request of type com.inventory.controller.InventoryUpdateRequest
[ERROR] /D:/Inventory/src/main/java/com/inventory/controller/InventoryController.java:[29,24] cannot find symbol
[ERROR]   symbol:   method getQuantity()
[ERROR]   location: variable request of type com.inventory.controller.InventoryUpdateRequest
[ERROR] /D:/Inventory/src/main/java/com/inventory/service/InventoryService.java:[26,9] cannot find symbol
[ERROR]   symbol:   variable log
[ERROR]   location: class com.inventory.service.InventoryService
[ERROR] /D:/Inventory/src/main/java/com/inventory/service/InventoryService.java:[36,9] cannot find symbol
[ERROR]   symbol:   variable log
[ERROR]   location: class com.inventory.service.InventoryService
[ERROR] /D:/Inventory/src/main/java/com/inventory/service/InventoryService.java:[43,22] cannot find symbol
[ERROR]   symbol:   method setQuantity(int)
[ERROR]   location: variable inventory of type com.inventory.model.Inventory
[ERROR] /D:/Inventory/src/main/java/com/inventory/service/InventoryService.java:[46,22] cannot find symbol
[ERROR]   symbol:   method setProductId(java.lang.Long)
[ERROR]   location: variable inventory of type com.inventory.model.Inventory
[ERROR] /D:/Inventory/src/main/java/com/inventory/service/InventoryService.java:[47,22] cannot find symbol
[ERROR]   symbol:   method setStoreId(java.lang.Long)
[ERROR]   location: variable inventory of type com.inventory.model.Inventory
[ERROR] /D:/Inventory/src/main/java/com/inventory/service/InventoryService.java:[48,22] cannot find symbol
[ERROR]   symbol:   method setQuantity(int)
[ERROR]   location: variable inventory of type com.inventory.model.Inventory
[ERROR] /D:/Inventory/src/main/java/com/inventory/service/InventoryService.java:[57,27] cannot find symbol
[ERROR]   symbol:   method getQuantity()
[ERROR]   location: variable savedInventory of type com.inventory.model.Inventory
[ERROR] /D:/Inventory/src/main/java/com/inventory/service/InventoryService.java:[58,13] cannot find symbol
[ERROR]   symbol:   variable log
[ERROR]   location: class com.inventory.service.InventoryService
[ERROR] /D:/Inventory/src/main/java/com/inventory/service/InventoryService.java:[58,130] cannot find symbol
[ERROR]   symbol:   method getQuantity()
[ERROR]   location: variable savedInventory of type com.inventory.model.Inventory
[ERROR] /D:/Inventory/src/main/java/com/inventory/service/InventoryService.java:[67,9] cannot find symbol
[ERROR]   symbol:   variable log
[ERROR]   location: class com.inventory.service.InventoryService
[ERROR] /D:/Inventory/src/main/java/com/inventory/service/InventoryService.java:[69,48] cannot find symbol
[ERROR]   symbol:   method getProductId()
[ERROR]   location: variable req of type com.inventory.controller.InventoryUpdateRequest
[ERROR] /D:/Inventory/src/main/java/com/inventory/service/InventoryService.java:[69,68] cannot find symbol
[ERROR]   symbol:   method getStoreId()
[ERROR]   location: variable req of type com.inventory.controller.InventoryUpdateRequest
[ERROR] /D:/Inventory/src/main/java/com/inventory/service/InventoryService.java:[69,86] cannot find symbol
[ERROR]   symbol:   method getQuantity()
[ERROR]   location: variable req of type com.inventory.controller.InventoryUpdateRequest
[ERROR] /D:/Inventory/src/main/java/com/inventory/service/InventoryService.java:[70,25] incompatible types: inference variable T has incompatible bounds
[ERROR]     equality constraints: com.inventory.model.Inventory
[ERROR]     lower bounds: java.lang.Object
[ERROR] /D:/Inventory/src/main/java/com/inventory/controller/ApiResponse.java:[18,27] cannot find symbol
[ERROR]   symbol:   method <T>builder()
[ERROR]   location: class com.inventory.controller.ApiResponse
[ERROR] /D:/Inventory/src/main/java/com/inventory/controller/ApiResponse.java:[26,27] cannot find symbol
[ERROR]   symbol:   method <T>builder()
[ERROR]   location: class com.inventory.controller.ApiResponse
[ERROR] -> [Help 1]
[ERROR] 
[ERROR] To see the full stack trace of the errors, re-run Maven with the -e switch.
[ERROR] Re-run Maven using the -X switch to enable full debug logging.
[ERROR] 
[ERROR] For more information about the errors and possible solutions, please read the following articles:
[ERROR] [Help 1] http://cwiki.apache.org/confluence/display/MAVEN/MojoFailureException
